<?xml version="1.0" encoding="UTF-8"?>
<!-- Generated by org.testng.reporters.JUnitXMLReporter -->
<testsuite hostname="Rajeev-PC" name="MyStoreECommerce-Test" tests="3" failures="0" timestamp="27 Jul 2021 12:14:09 GMT" time="143.259" errors="0">
  <testcase name="loginTest" time="4.272" classname="testPackage.LoginTest"/>
  <testcase name="loginTest" time="6.348" classname="testPackage.LoginTest"/>
  <testcase name="print" time="0.001" classname="testPackage.HomeTest"/>
</testsuite> <!-- MyStoreECommerce-Test -->
